  1-7829.cpp
  1204.cpp
  1-1245.cpp
  1859.cpp
  2-1486.cpp
C:\Users\ygj02\algorithms\SWexpert\2-1486.cpp(18,5): error C4996: 'scanf': This function or variable may be unsafe. Consider using scanf_s instead. To disable deprecation, use _CRT_SECURE_NO_WARNINGS. See online help for details.
C:\Users\ygj02\algorithms\SWexpert\2-1486.cpp(21,9): error C4996: 'scanf': This function or variable may be unsafe. Consider using scanf_s instead. To disable deprecation, use _CRT_SECURE_NO_WARNINGS. See online help for details.
C:\Users\ygj02\algorithms\SWexpert\2-1486.cpp(23,13): error C4996: 'scanf': This function or variable may be unsafe. Consider using scanf_s instead. To disable deprecation, use _CRT_SECURE_NO_WARNINGS. See online help for details.
  3032.cpp
C:\Users\ygj02\algorithms\SWexpert\3032.cpp(6,15): warning C4101: 'y' :참조되지 않은 지역 변수입니다.
C:\Users\ygj02\algorithms\SWexpert\3032.cpp(6,12): warning C4101: 'x' :참조되지 않은 지역 변수입니다.
  4615.cpp
C:\Users\ygj02\algorithms\SWexpert\4615.cpp(123,20): warning C4018: '<': signed 또는 unsigned가 일치하지 않습니다.
  5293.cpp
  6-1244.cpp
  8016.cpp
C:\Users\ygj02\algorithms\SWexpert\8016.cpp(15,9): warning C4477: 'scanf' : 서식 문자열 '%d'에 'int *' 형식의 인수가 필요하지만 variadic 인수 1의 형식이 '__int64 *'입니다.
C:\Users\ygj02\algorithms\SWexpert\8016.cpp(15,9): message : 서식 문자열에서 '%lld'을(를) 사용하는 것이 좋습니다.
C:\Users\ygj02\algorithms\SWexpert\8016.cpp(15,9): message : 서식 문자열에서 '%I64d'을(를) 사용하는 것이 좋습니다.
C:\Users\ygj02\algorithms\SWexpert\8016.cpp(13,2): error C4996: 'scanf': This function or variable may be unsafe. Consider using scanf_s instead. To disable deprecation, use _CRT_SECURE_NO_WARNINGS. See online help for details.
C:\Users\ygj02\algorithms\SWexpert\8016.cpp(15,3): error C4996: 'scanf': This function or variable may be unsafe. Consider using scanf_s instead. To disable deprecation, use _CRT_SECURE_NO_WARNINGS. See online help for details.
  8888.cpp
  소스.cpp
